Unknown:
D:\cst\folded_dipole\Result\Hex.gap
D:\cst\folded_dipole\Result\MCalc-Facets-1xN.log
D:\cst\folded_dipole\Result\MCalc-Facets-PP.log
D:\cst\folded_dipole\Result\MCalc.ddi
D:\cst\folded_dipole\Result\MCalc.log
D:\cst\folded_dipole\Result\ml_info.log
D:\cst\folded_dipole\Result\Model.axg
D:\cst\folded_dipole\Result\Model.ddi
D:\cst\folded_dipole\Result\Model.log
D:\cst\folded_dipole\Result\Model.sa
D:\cst\folded_dipole\Result\Model.sam
D:\cst\folded_dipole\Result\Model_m1.sam
D:\cst\folded_dipole\Result\m^fifx.dsc
D:\cst\folded_dipole\Result\m^fqq.dsc
D:\cst\folded_dipole\Result\Ports.web
D:\cst\folded_dipole\Result\p^a.dsc
D:\cst\folded_dipole\Result\P^m^fbqq.slog
D:\cst\folded_dipole\Result\P^m^fqq.slog
D:\cst\folded_dipole\Result\P^p^m.slog
D:\cst\folded_dipole\Result\P^s^pm.slog
D:\cst\folded_dipole\Result\WEP.log
Mesh:
D:\cst\folded_dipole\Result\dA.mat
D:\cst\folded_dipole\Result\dad.mat
D:\cst\folded_dipole\Result\ds.mat
D:\cst\folded_dipole\Result\dsd.mat
D:\cst\folded_dipole\Result\dsMCalc.mat
D:\cst\folded_dipole\Result\Eps.mat
D:\cst\folded_dipole\Result\HexMatrix.m2h
D:\cst\folded_dipole\Result\HexMatrix_MCalc.m2h
D:\cst\folded_dipole\Result\MCalc.fmp
D:\cst\folded_dipole\Result\MCalc.xcfd
D:\cst\folded_dipole\Result\Meta.m2h
D:\cst\folded_dipole\Result\Meta.mat
D:\cst\folded_dipole\Result\Model.cct
D:\cst\folded_dipole\Result\Model.fmf
D:\cst\folded_dipole\Result\Model.fmm
D:\cst\folded_dipole\Result\Model.fpc
D:\cst\folded_dipole\Result\Model.fsi
D:\cst\folded_dipole\Result\Model.fwf
D:\cst\folded_dipole\Result\Model.mss
D:\cst\folded_dipole\Result\Model.sic
D:\cst\folded_dipole\Result\Model.spi
D:\cst\folded_dipole\Result\Model.xcfd
D:\cst\folded_dipole\Result\Model^PEC.fpf
D:\cst\folded_dipole\Result\Mue.mat
D:\cst\folded_dipole\Result\m^fqq.mem
D:\cst\folded_dipole\Result\PEC.mat
D:\cst\folded_dipole\Result\Ports.fpt
D:\cst\folded_dipole\Result\PP.fsi
D:\cst\folded_dipole\Result\p^a.mem
D:\cst\folded_dipole\Result\p^m.mem
D:\cst\folded_dipole\Result\Rho.mat
D:\cst\folded_dipole\Result\S2HMatrix.m2h
D:\cst\folded_dipole\Result\Shapes.con
D:\cst\folded_dipole\Result\s^pm.mem
Port:
D:\cst\folded_dipole\Result\Model.pmi
